Command line:
   tb_div700_isim_beh.exe
     -simmode  gui
     -simrunnum  0
     -socket  49722

Fri Nov 16 09:03:14 2012


 Elaboration Time: 0.0624 sec

 Current Memory Usage: 501.78 Meg

 Total Signals          : 8
 Total Nets             : 5
 Total Signal Drivers   : 4
 Total Blocks           : 3
 Total Primitive Blocks : 2
 Total Processes        : 3
 Total Traceable Variables  : 10
 Total Scalar Nets and Variables : 367
Total Line Count : 11

 Total Simulation Time: 13.4473 sec

 Current Memory Usage: 501.78 Meg

Fri Nov 16 09:04:30 2012

