#-----------------------------------------------------------
# PlanAhead v14.2 (64-bit)
# Build 194362 by xbuild on Fri Jul 20 18:52:11 MDT 2012
# Start of session at: Tue Nov 20 17:09:17 2012
# Process ID: 2776
# Log file: F:/Documentos/Electronica/DigiClock/planAhead_run_2/planAhead.log
# Journal file: F:/Documentos/Electronica/DigiClock/planAhead_run_2/planAhead.jou
#-----------------------------------------------------------
INFO: [Common 17-78] Attempting to get a license: PlanAhead
INFO: [Common 17-290] Got license for PlanAhead
INFO: [Device 21-36] Loading parts and site information from F:/Windows/ISE/14.2/ISE_DS/PlanAhead/data/parts/arch.xml
Parsing RTL primitives file [F:/Windows/ISE/14.2/ISE_DS/PlanAhead/data/parts/xilinx/rtl/prims/rtl_prims.xml]
Finished parsing RTL primitives file [F:/Windows/ISE/14.2/ISE_DS/PlanAhead/data/parts/xilinx/rtl/prims/rtl_prims.xml]
start_gui
source F:/Documentos/Electronica/DigiClock/pa.fromHdl.tcl
# create_project -name DigiClock -dir "F:/Documentos/Electronica/DigiClock/planAhead_run_2" -part xc3s100ecp132-5
Parsing template File [F:/Windows/ISE/14.2/ISE_DS/ISE/data/projnav/templates/verilog.xml].
Finished parsing template File [F:/Windows/ISE/14.2/ISE_DS/ISE/data/projnav/templates/verilog.xml].
Parsing template File [F:/Windows/ISE/14.2/ISE_DS/ISE/data/projnav/templates/vhdl.xml].
Finished parsing template File [F:/Windows/ISE/14.2/ISE_DS/ISE/data/projnav/templates/vhdl.xml].
Parsing template File [F:/Windows/ISE/14.2/ISE_DS/ISE/data/projnav/templates/ucf.xml].
Finished parsing template File [F:/Windows/ISE/14.2/ISE_DS/ISE/data/projnav/templates/ucf.xml].
create_project: Time (s): elapsed = 00:00:06 . Memory (MB): peak = 391.203 ; gain = 62.086
# set_param project.pinAheadLayout yes
# set srcset [get_property srcset [current_run -impl]]
# set_property target_constrs_file "Chronometer.ucf" [current_fileset -constrset]
Adding file 'F:/Documentos/Electronica/DigiClock/Chronometer.ucf' to fileset 'constrs_1'
# set hdlfile [add_files [list {mux4to1.vhd}]]
# set_property file_type VHDL $hdlfile
# set_property library work $hdlfile
# set hdlfile [add_files [list {Div50Mto700.vhd}]]
# set_property file_type VHDL $hdlfile
# set_property library work $hdlfile
# set hdlfile [add_files [list {Div50Mto1.vhd}]]
# set_property file_type VHDL $hdlfile
# set_property library work $hdlfile
# set hdlfile [add_files [list {Decoder2to4.vhd}]]
# set_property file_type VHDL $hdlfile
# set_property library work $hdlfile
# set hdlfile [add_files [list {CyclicalCounter.vhd}]]
# set_property file_type VHDL $hdlfile
# set_property library work $hdlfile
# set hdlfile [add_files [list {cont.vhd}]]
# set_property file_type VHDL $hdlfile
# set_property library work $hdlfile
# set hdlfile [add_files [list {bcd.vhd}]]
# set_property file_type VHDL $hdlfile
# set_property library work $hdlfile
# set hdlfile [add_files [list {Chronometer.vhd}]]
# set_property file_type VHDL $hdlfile
# set_property library work $hdlfile
# set_property top Chronometer $srcset
# add_files [list {Chronometer.ucf}] -fileset [get_property constrset [current_run]]
# open_rtl_design -part xc3s100ecp132-5
Using Verific elaboration
Parsing VHDL file "F:/Windows/ISE/14.2/ISE_DS/PlanAhead/data/parts/xilinx/rtl/lib/synplify/synattr.vhd" into library synplify
Parsing VHDL file "F:/Windows/ISE/14.2/ISE_DS/PlanAhead/data/parts/xilinx/rtl/lib/synplify/synattr.vhd" into library synplify
Parsing VHDL file "F:/Documentos/Electronica/DigiClock/mux4to1.vhd" into library work
Parsing VHDL file "F:/Documentos/Electronica/DigiClock/Div50Mto700.vhd" into library work
Parsing VHDL file "F:/Documentos/Electronica/DigiClock/Div50Mto1.vhd" into library work
Parsing VHDL file "F:/Documentos/Electronica/DigiClock/Decoder2to4.vhd" into library work
Parsing VHDL file "F:/Documentos/Electronica/DigiClock/CyclicalCounter.vhd" into library work
Parsing VHDL file "F:/Documentos/Electronica/DigiClock/cont.vhd" into library work
Parsing VHDL file "F:/Documentos/Electronica/DigiClock/bcd.vhd" into library work
Parsing VHDL file "F:/Documentos/Electronica/DigiClock/Chronometer.vhd" into library work
INFO: [Designutils 20-910] Reading macro library F:/Windows/ISE/14.2/ISE_DS/PlanAhead/data\./parts/xilinx/spartan3e/spartan3e/hd_int_macros.edn
Parsing EDIF File [F:/Windows/ISE/14.2/ISE_DS/PlanAhead/data\./parts/xilinx/spartan3e/spartan3e/hd_int_macros.edn]
Finished Parsing EDIF File [F:/Windows/ISE/14.2/ISE_DS/PlanAhead/data\./parts/xilinx/spartan3e/spartan3e/hd_int_macros.edn]
Loading clock regions from F:/Windows/ISE/14.2/ISE_DS/PlanAhead/data\parts/xilinx/spartan3e/spartan3e/xc3s100e/ClockRegion.xml
Loading clock buffers from F:/Windows/ISE/14.2/ISE_DS/PlanAhead/data\parts/xilinx/spartan3e/spartan3e/xc3s100e/ClockBuffers.xml
Loading package from F:/Windows/ISE/14.2/ISE_DS/PlanAhead/data\parts/xilinx/spartan3e/spartan3e/xc3s100e/cp132/Package.xml
Loading io standards from F:/Windows/ISE/14.2/ISE_DS/PlanAhead/data\./parts/xilinx/spartan3e/IOStandards.xml
INFO: [Device 21-19] Loading pkg sso from F:/Windows/ISE/14.2/ISE_DS/PlanAhead/data\parts/xilinx/spartan3e/spartan3e/xc3s100e/cp132/SSORules.xml
Loading list of drcs for the architecture : F:/Windows/ISE/14.2/ISE_DS/PlanAhead/data\./parts/xilinx/spartan3e/spartan3e/drc.xml
INFO: [Timing 38-77] Reading timing library F:/Windows/ISE/14.2/ISE_DS/PlanAhead/data\parts/xilinx/spartan3e/spartan3e/spartan3e-5.lib.
INFO: [Timing 38-34] Done reading timing library F:/Windows/ISE/14.2/ISE_DS/PlanAhead/data\parts/xilinx/spartan3e/spartan3e/spartan3e-5.lib.
Parsing UCF File [F:/Documentos/Electronica/DigiClock/Chronometer.ucf]
Finished Parsing UCF File [F:/Documentos/Electronica/DigiClock/Chronometer.ucf]
INFO: [Project 1-111] Unisim Transformation Summary:
No Unisim elements were transformed.

Phase 0 | Netlist Checksum: 8e7101d2
open_rtl_design: Time (s): elapsed = 00:00:20 . Memory (MB): peak = 521.910 ; gain = 130.707
exit
INFO: [Common 17-206] Exiting PlanAhead...
INFO: [Common 17-83] Releasing license: PlanAhead
